User navigates to the Web Site successfully
Change the language to English
Successfully changed the language to English
Number of Municipalities/Cities under Bond Table1 = 1
Click on the Val-d'Or link in the bond category table
System Successfully navigates to the WINNING TENDER page of : Val-d'Or
Added Val-d'Or winning bid table data to workbook
System Successfully navigates to the bonds table screen after closing the WINNING TENDER page of : Val-d'Or
Number of Municipalities/Cities under Bond Table2 = 2
Click on the Boisbriand link in the bond category table
System Successfully navigates to the WINNING TENDER page of : Boisbriand
Added Boisbriand winning bid table data to workbook
System Successfully navigates to the bonds table screen after closing the WINNING TENDER page of : Boisbriand
Click on the Saint-Eustache link in the bond category table
System Successfully navigates to the WINNING TENDER page of : Saint-Eustache
Added Saint-Eustache winning bid table data to workbook
System Successfully navigates to the bonds table screen after closing the WINNING TENDER page of : Saint-Eustache
Number of Municipalities/Cities under Bond Table3 = 3
Click on the Chibougamau link in the bond category table
System Successfully navigates to the WINNING TENDER page of : Chibougamau
Added Chibougamau winning bid table data to workbook
System Successfully navigates to the bonds table screen after closing the WINNING TENDER page of : Chibougamau
Click on the Sainte-Agathe-des-Monts link in the bond category table
System Successfully navigates to the WINNING TENDER page of : Sainte-Agathe-des-Monts
Added Sainte-Agathe-des-Monts winning bid table data to workbook
System Successfully navigates to the bonds table screen after closing the WINNING TENDER page of : Sainte-Agathe-des-Monts
Click on the Victoriaville link in the bond category table
System Successfully navigates to the WINNING TENDER page of : Victoriaville
Added Victoriaville winning bid table data to workbook
System Successfully navigates to the bonds table screen after closing the WINNING TENDER page of : Victoriaville
Number of Municipalities/Cities under Bond Table4 = 2
Click on the Beaconsfield link in the bond category table
System Successfully navigates to the WINNING TENDER page of : Beaconsfield
Added Beaconsfield winning bid table data to workbook
System Successfully navigates to the bonds table screen after closing the WINNING TENDER page of : Beaconsfield
Click on the Saint-Sauveur link in the bond category table
System Successfully navigates to the WINNING TENDER page of : Saint-Sauveur
Added Saint-Sauveur winning bid table data to workbook
System Successfully navigates to the bonds table screen after closing the WINNING TENDER page of : Saint-Sauveur
Number of Municipalities/Cities under Bond Table5 = 1
Click on the Saint-Lambert link in the bond category table
System Successfully navigates to the WINNING TENDER page of : Saint-Lambert
Added Saint-Lambert winning bid table data to workbook
System Successfully navigates to the bonds table screen after closing the WINNING TENDER page of : Saint-Lambert
Successfully added data to Excel and saved
